# JRE version: OpenJDK Runtime Environment (23.0+37) (build 23+37-2369)
# Java VM: OpenJDK 64-Bit Server VM (23+37-2369, mixed mode, emulated-client, sharing, tiered, compressed oops, compressed class ptrs, g1 gc, windows-amd64)
GC Precious Log:
 CardTable entry size: 512
 Card Set container configuration: InlinePtr #cards 4 size 8 Array Of Cards #cards 16 size 48 Howl #buckets 8 coarsen threshold 3686 Howl Bitmap #cards 512 size 80 coarsen threshold 460 Card regions per heap region 1 cards per card region 4096
 CPUs: 4 total, 4 available
 Memory: 15989M
 Large Page Support: Disabled
 NUMA Support: Disabled
 Compressed Oops: Enabled (Zero based)
 Heap Region Size: 2M
 Heap Min Capacity: 8M
 Heap Initial Capacity: 250M
 Heap Max Capacity: 3998M
 Pre-touch: Disabled
 Parallel Workers: 4
 Concurrent Workers: 1
 Concurrent Refinement Workers: 4
 Periodic GC: Disabled
Heap:
 garbage-first heap   total reserved 4093952K, committed 102400K, used 32908K [0x0000000706200000, 0x0000000800000000)
  region size 2048K, 4 young (8192K), 3 survivors (6144K)
 Metaspace       used 64595K, committed 65344K, reserved 1114112K
  class space    used 9518K, committed 9792K, reserved 1048576K
GC Heap History (20 events):
Event: 6.605 GC heap before
{Heap before GC invocations=6 (full 0):
 garbage-first heap   total reserved 4093952K, committed 55296K, used 37067K [0x0000000706200000, 0x0000000800000000)
  region size 2048K, 12 young (24576K), 2 survivors (4096K)
 Metaspace       used 26505K, committed 27008K, reserved 1114112K
  class space    used 3731K, committed 3904K, reserved 1048576K
}
Event: 6.618 GC heap after
{Heap after GC invocations=7 (full 0):
 garbage-first heap   total reserved 4093952K, committed 55296K, used 17751K [0x0000000706200000, 0x0000000800000000)
  region size 2048K, 1 young (2048K), 1 survivors (2048K)
 Metaspace       used 26505K, committed 27008K, reserved 1114112K
  class space    used 3731K, committed 3904K, reserved 1048576K
}
Event: 7.882 GC heap before
{Heap before GC invocations=7 (full 0):
 garbage-first heap   total reserved 4093952K, committed 55296K, used 40279K [0x0000000706200000, 0x0000000800000000)
  region size 2048K, 12 young (24576K), 1 survivors (2048K)
 Metaspace       used 30006K, committed 30592K, reserved 1114112K
  class space    used 4270K, committed 4544K, reserved 1048576K
}
Event: 7.892 GC heap after
{Heap after GC invocations=8 (full 0):
 garbage-first heap   total reserved 4093952K, committed 55296K, used 19957K [0x0000000706200000, 0x0000000800000000)
  region size 2048K, 2 young (4096K), 2 survivors (4096K)
 Metaspace       used 30006K, committed 30592K, reserved 1114112K
  class space    used 4270K, committed 4544K, reserved 1048576K
}
Event: 8.764 GC heap before
{Heap before GC invocations=8 (full 0):
 garbage-first heap   total reserved 4093952K, committed 55296K, used 42485K [0x0000000706200000, 0x0000000800000000)
  region size 2048K, 13 young (26624K), 2 survivors (4096K)
 Metaspace       used 33660K, committed 34240K, reserved 1114112K
  class space    used 4793K, committed 5056K, reserved 1048576K
}
Event: 8.779 GC heap after
{Heap after GC invocations=9 (full 0):
 garbage-first heap   total reserved 4093952K, committed 55296K, used 21283K [0x0000000706200000, 0x0000000800000000)
  region size 2048K, 1 young (2048K), 1 survivors (2048K)
 Metaspace       used 33660K, committed 34240K, reserved 1114112K
  class space    used 4793K, committed 5056K, reserved 1048576K
}
Event: 9.063 GC heap before
{Heap before GC invocations=9 (full 0):
 garbage-first heap   total reserved 4093952K, committed 55296K, used 27427K [0x0000000706200000, 0x0000000800000000)
  region size 2048K, 5 young (10240K), 1 survivors (2048K)
 Metaspace       used 35403K, committed 35968K, reserved 1114112K
  class space    used 5077K, committed 5312K, reserved 1048576K
}
Event: 9.068 GC heap after
{Heap after GC invocations=10 (full 0):
 garbage-first heap   total reserved 4093952K, committed 55296K, used 21261K [0x0000000706200000, 0x0000000800000000)
  region size 2048K, 1 young (2048K), 1 survivors (2048K)
 Metaspace       used 35403K, committed 35968K, reserved 1114112K
  class space    used 5077K, committed 5312K, reserved 1048576K
}
Event: 10.465 GC heap before
{Heap before GC invocations=11 (full 0):
 garbage-first heap   total reserved 4093952K, committed 55296K, used 45837K [0x0000000706200000, 0x0000000800000000)
  region size 2048K, 13 young (26624K), 1 survivors (2048K)
 Metaspace       used 41500K, committed 42176K, reserved 1114112K
  class space    used 5965K, committed 6272K, reserved 1048576K
}
Event: 10.475 GC heap after
{Heap after GC invocations=12 (full 0):
 garbage-first heap   total reserved 4093952K, committed 55296K, used 23450K [0x0000000706200000, 0x0000000800000000)
  region size 2048K, 2 young (4096K), 2 survivors (4096K)
 Metaspace       used 41500K, committed 42176K, reserved 1114112K
  class space    used 5965K, committed 6272K, reserved 1048576K
}
Event: 11.343 GC heap before
{Heap before GC invocations=12 (full 0):
 garbage-first heap   total reserved 4093952K, committed 55296K, used 43930K [0x0000000706200000, 0x0000000800000000)
  region size 2048K, 13 young (26624K), 2 survivors (4096K)
 Metaspace       used 46322K, committed 46912K, reserved 1114112K
  class space    used 6614K, committed 6848K, reserved 1048576K
}
Event: 11.358 GC heap after
{Heap after GC invocations=13 (full 0):
 garbage-first heap   total reserved 4093952K, committed 55296K, used 24921K [0x0000000706200000, 0x0000000800000000)
  region size 2048K, 2 young (4096K), 2 survivors (4096K)
 Metaspace       used 46322K, committed 46912K, reserved 1114112K
  class space    used 6614K, committed 6848K, reserved 1048576K
}
Event: 12.329 GC heap before
{Heap before GC invocations=13 (full 0):
 garbage-first heap   total reserved 4093952K, committed 55296K, used 45401K [0x0000000706200000, 0x0000000800000000)
  region size 2048K, 12 young (24576K), 2 survivors (4096K)
 Metaspace       used 52162K, committed 52800K, reserved 1114112K
  class space    used 7615K, committed 7872K, reserved 1048576K
}
Event: 12.340 GC heap after
{Heap after GC invocations=14 (full 0):
 garbage-first heap   total reserved 4093952K, committed 155648K, used 26031K [0x0000000706200000, 0x0000000800000000)
  region size 2048K, 2 young (4096K), 2 survivors (4096K)
 Metaspace       used 52162K, committed 52800K, reserved 1114112K
  class space    used 7615K, committed 7872K, reserved 1048576K
}
Event: 16.854 GC heap before
{Heap before GC invocations=14 (full 0):
 garbage-first heap   total reserved 4093952K, committed 155648K, used 62895K [0x0000000706200000, 0x0000000800000000)
  region size 2048K, 22 young (45056K), 2 survivors (4096K)
 Metaspace       used 59822K, committed 60480K, reserved 1114112K
  class space    used 8697K, committed 8960K, reserved 1048576K
}
Event: 16.863 GC heap after
{Heap after GC invocations=15 (full 0):
 garbage-first heap   total reserved 4093952K, committed 155648K, used 28433K [0x0000000706200000, 0x0000000800000000)
  region size 2048K, 3 young (6144K), 3 survivors (6144K)
 Metaspace       used 59822K, committed 60480K, reserved 1114112K
  class space    used 8697K, committed 8960K, reserved 1048576K
}
Event: 18.922 GC heap before
{Heap before GC invocations=16 (full 0):
 garbage-first heap   total reserved 4093952K, committed 102400K, used 83729K [0x0000000706200000, 0x0000000800000000)
  region size 2048K, 30 young (61440K), 3 survivors (6144K)
 Metaspace       used 64007K, committed 64704K, reserved 1114112K
  class space    used 9424K, committed 9728K, reserved 1048576K
}
Event: 18.936 GC heap after
{Heap after GC invocations=17 (full 0):
 garbage-first heap   total reserved 4093952K, committed 102400K, used 32631K [0x0000000706200000, 0x0000000800000000)
  region size 2048K, 4 young (8192K), 4 survivors (8192K)
 Metaspace       used 64007K, committed 64704K, reserved 1114112K
  class space    used 9424K, committed 9728K, reserved 1048576K
}
Event: 1758.046 GC heap before
{Heap before GC invocations=17 (full 0):
 garbage-first heap   total reserved 4093952K, committed 102400K, used 79735K [0x0000000706200000, 0x0000000800000000)
  region size 2048K, 27 young (55296K), 4 survivors (8192K)
 Metaspace       used 64592K, committed 65344K, reserved 1114112K
  class space    used 9517K, committed 9792K, reserved 1048576K
}
Event: 1758.149 GC heap after
{Heap after GC invocations=18 (full 0):
 garbage-first heap   total reserved 4093952K, committed 102400K, used 32908K [0x0000000706200000, 0x0000000800000000)
  region size 2048K, 3 young (6144K), 3 survivors (6144K)
 Metaspace       used 64592K, committed 65344K, reserved 1114112K
  class space    used 9517K, committed 9792K, reserved 1048576K
}

